<?xml version="1.0" encoding="UTF-8"?>
<testsuites name="jest tests" tests="3" failures="1" time="4.935">
  <testsuite name="Smoke screen" errors="0" failures="1" skipped="0" timestamp="2020-02-14T18:51:45" time="4.551" tests="3">
    <testcase classname="Smoke screen Browser Title renders" name="Smoke screen Browser Title renders" time="1.063">
    </testcase>
    <testcase classname="Smoke screen HTML Title renders" name="Smoke screen HTML Title renders" time="1.061">
      <failure>Error: expect(received).toBe(expected) // Object.is equality

Expected: &quot;ECE Reporter&quot;
Received: &quot;FOR TEST: NOT - ECE Reporter&quot;
    at Object.&lt;anonymous&gt; (/home/node/app/src/e2e/App.e2e.test.ts:34:35)
    at processTicksAndRejections (internal/process/task_queues.js:93:5)</failure>
    </testcase>
    <testcase classname="Smoke screen Logs in" name="Smoke screen Logs in" time="1.972">
    </testcase>
  </testsuite>
</testsuites>